<?xml version="1.0" encoding="UTF-8"?>
<!-- Generated by org.testng.reporters.JUnitReportReporter -->
<testsuite hostname="SRINIVAS-G2005" failures="0" tests="4" name="theInternetHerokuApp.HandlingAlerts" time="9.722" errors="0" timestamp="2025-03-18T19:20:14 IST" skipped="0">
  <testcase classname="theInternetHerokuApp.HandlingAlerts" name="normalAlerts" time="3.201"/>
  <testcase classname="theInternetHerokuApp.HandlingAlerts" name="accessNameofAlert" time="3.159"/>
  <testcase classname="theInternetHerokuApp.HandlingAlerts" name="confirmationAlerts" time="3.190"/>
  <testcase classname="theInternetHerokuApp.HandlingAlerts" name="promptAlerts" time="0.172"/>
</testsuite> <!-- theInternetHerokuApp.HandlingAlerts -->
