<?xml version="1.0" encoding="UTF-8"?>
<!-- Generated by org.testng.reporters.JUnitReportReporter -->
<testsuite hostname="SRINIVAS-G2005" failures="0" tests="3" name="automateNow.HandlingAlerts" time="0.558" errors="0" timestamp="2025-07-09T16:06:03 IST" skipped="0">
  <testcase classname="automateNow.HandlingAlerts" name="sampleAlert" time="0.190"/>
  <testcase classname="automateNow.HandlingAlerts" name="confirmationAlert" time="0.145"/>
  <testcase classname="automateNow.HandlingAlerts" name="promptAlert" time="0.223"/>
</testsuite> <!-- automateNow.HandlingAlerts -->
