<?xml version="1.0" encoding="UTF-8"?>
<!-- Generated by org.testng.reporters.JUnitReportReporter -->
<testsuite hostname="SRINIVAS-G2005" failures="0" tests="3" name="automationBlogSpot.HandlingAlerts" time="0.634" errors="0" timestamp="2025-03-28T22:56:17 IST" skipped="0">
  <testcase classname="automationBlogSpot.HandlingAlerts" name="sampleAlert" time="0.194"/>
  <testcase classname="automationBlogSpot.HandlingAlerts" name="confirmationAlert" time="0.219"/>
  <testcase classname="automationBlogSpot.HandlingAlerts" name="promptAlert" time="0.221"/>
</testsuite> <!-- automationBlogSpot.HandlingAlerts -->
