<?xml version="1.0" encoding="UTF-8"?>
<!-- Generated by org.testng.reporters.JUnitReportReporter -->
<testsuite hostname="SRINIVAS-G2005" failures="0" tests="1" name="automateNow.HandlingAlerts" time="0.181" errors="0" timestamp="2025-07-09T15:56:56 IST" skipped="0">
  <testcase classname="automateNow.HandlingAlerts" name="sampleAlert" time="0.181"/>
</testsuite> <!-- automateNow.HandlingAlerts -->
