<?xml version="1.0" encoding="UTF-8"?>
<!-- Generated by org.testng.reporters.JUnitReportReporter -->
<testsuite hostname="SRINIVAS-G2005" failures="0" tests="4" name="tutorialsPoint.HandlingAlerts" time="11.780" errors="0" timestamp="2025-04-28T20:22:56 IST" skipped="0">
  <testcase classname="tutorialsPoint.HandlingAlerts" name="normalAlerts" time="3.203"/>
  <testcase classname="tutorialsPoint.HandlingAlerts" name="accessNameofAlert" time="5.209"/>
  <testcase classname="tutorialsPoint.HandlingAlerts" name="confirmationAlerts" time="3.152"/>
  <testcase classname="tutorialsPoint.HandlingAlerts" name="promptAlerts" time="0.216"/>
</testsuite> <!-- tutorialsPoint.HandlingAlerts -->
