<?xml version="1.0" encoding="UTF-8"?>
<!-- Generated by org.testng.reporters.JUnitReportReporter -->
<testsuite hostname="SRINIVAS-G2005" failures="0" tests="1" name="demoQA.HandlingAlerts" time="5.224" errors="0" timestamp="2025-03-16T10:39:17 IST" skipped="0">
  <testcase classname="demoQA.HandlingAlerts" name="timerAlert" time="5.224"/>
</testsuite> <!-- demoQA.HandlingAlerts -->
