<?xml version="1.0" encoding="UTF-8"?>
<!-- Generated by org.testng.reporters.JUnitReportReporter -->
<testsuite hostname="SRINIVAS-G2005" failures="0" tests="1" name="automationBlogSpot.HandlingAlerts" time="0.254" errors="0" timestamp="2025-03-28T22:48:34 IST" skipped="0">
  <testcase classname="automationBlogSpot.HandlingAlerts" name="confirmationAlert" time="0.254"/>
</testsuite> <!-- automationBlogSpot.HandlingAlerts -->
