<?xml version="1.0" encoding="UTF-8"?>
<!-- Generated by org.testng.reporters.JUnitReportReporter -->
<testsuite hostname="SRINIVAS-G2005" failures="0" tests="1" name="automationBlogSpot.HandlingAlerts" time="0.210" errors="0" timestamp="2025-03-28T22:39:56 IST" skipped="0">
  <testcase classname="automationBlogSpot.HandlingAlerts" name="sampleAlert" time="0.210"/>
</testsuite> <!-- automationBlogSpot.HandlingAlerts -->
