<?xml version="1.0" encoding="UTF-8"?>
<!-- Generated by org.testng.reporters.JUnitReportReporter -->
<testsuite hostname="SRINIVAS-G2005" failures="0" tests="1" name="demoQA.HandlingAlerts" time="0.204" errors="0" timestamp="2025-03-16T10:03:34 IST" skipped="0">
  <testcase classname="demoQA.HandlingAlerts" name="normalAlert" time="0.204"/>
</testsuite> <!-- demoQA.HandlingAlerts -->
